<?xml version="1.0" encoding="UTF-8"?>
<testng-results skipped="0" failed="0" ignored="0" total="1" passed="1">
  <reporter-output>
  </reporter-output>
  <suite name="Default suite" duration-ms="22771" started-at="2019-04-03T14:58:36Z" finished-at="2019-04-03T14:58:59Z">
    <groups>
    </groups>
    <test name="Default test" duration-ms="22771" started-at="2019-04-03T14:58:36Z" finished-at="2019-04-03T14:58:59Z">
      <class name="tests.Toportunidades">
        <test-method status="PASS" signature="setDriver()[pri:0, instance:tests.Toportunidades@63440df3]" name="setDriver" is-config="true" duration-ms="4354" started-at="2019-04-03T14:58:36Z" finished-at="2019-04-03T14:58:40Z">
          <reporter-output>
          </reporter-output>
        </test-method> <!-- setDriver -->
        <test-method status="PASS" signature="stepsOportunidades()[pri:0, instance:tests.Toportunidades@63440df3]" name="stepsOportunidades" duration-ms="18404" started-at="2019-04-03T14:58:40Z" finished-at="2019-04-03T14:58:59Z">
          <reporter-output>
          </reporter-output>
        </test-method> <!-- stepsOportunidades -->
        <test-method status="PASS" signature="quitDriver()[pri:0, instance:tests.Toportunidades@63440df3]" name="quitDriver" is-config="true" duration-ms="0" started-at="2019-04-03T14:58:59Z" finished-at="2019-04-03T14:58:59Z">
          <reporter-output>
          </reporter-output>
        </test-method> <!-- quitDriver -->
      </class> <!-- tests.Toportunidades -->
    </test> <!-- Default test -->
  </suite> <!-- Default suite -->
</testng-results>
