<?xml version="1.0" encoding="UTF-8"?>
<testng-results skipped="0" failed="0" ignored="0" total="1" passed="1">
  <reporter-output>
  </reporter-output>
  <suite name="Default suite" duration-ms="18191" started-at="2019-04-10T17:09:13Z" finished-at="2019-04-10T17:09:31Z">
    <groups>
    </groups>
    <test name="Default test" duration-ms="18191" started-at="2019-04-10T17:09:13Z" finished-at="2019-04-10T17:09:31Z">
      <class name="tests.TReferidoNuevo1">
        <test-method status="PASS" signature="setDriver()[pri:0, instance:tests.TReferidoNuevo1@63440df3]" name="setDriver" is-config="true" duration-ms="5256" started-at="2019-04-10T17:09:13Z" finished-at="2019-04-10T17:09:18Z">
          <reporter-output>
          </reporter-output>
        </test-method> <!-- setDriver -->
        <test-method status="PASS" signature="stepsToAddNewLead()[pri:0, instance:tests.TReferidoNuevo1@63440df3]" name="stepsToAddNewLead" duration-ms="12904" started-at="2019-04-10T17:09:18Z" finished-at="2019-04-10T17:09:31Z">
          <reporter-output>
          </reporter-output>
        </test-method> <!-- stepsToAddNewLead -->
        <test-method status="PASS" signature="quitDriver()[pri:0, instance:tests.TReferidoNuevo1@63440df3]" name="quitDriver" is-config="true" duration-ms="0" started-at="2019-04-10T17:09:31Z" finished-at="2019-04-10T17:09:31Z">
          <reporter-output>
          </reporter-output>
        </test-method> <!-- quitDriver -->
      </class> <!-- tests.TReferidoNuevo1 -->
    </test> <!-- Default test -->
  </suite> <!-- Default suite -->
</testng-results>
