<?xml version="1.0" encoding="UTF-8"?>
<testng-results skipped="0" failed="0" ignored="0" total="1" passed="1">
  <reporter-output>
  </reporter-output>
  <suite name="Default suite" duration-ms="63205" started-at="2019-04-08T20:11:38Z" finished-at="2019-04-08T20:12:41Z">
    <groups>
    </groups>
    <test name="Default test" duration-ms="63205" started-at="2019-04-08T20:11:38Z" finished-at="2019-04-08T20:12:41Z">
      <class name="tests.TOportunidadesConfigurarProducto">
        <test-method status="PASS" signature="setDriver()[pri:0, instance:tests.TOportunidadesConfigurarProducto@63440df3]" name="setDriver" is-config="true" duration-ms="4198" started-at="2019-04-08T20:11:38Z" finished-at="2019-04-08T20:11:42Z">
          <reporter-output>
          </reporter-output>
        </test-method> <!-- setDriver -->
        <test-method status="PASS" signature="stepsOportunidadesConfigurarProducto()[pri:0, instance:tests.TOportunidadesConfigurarProducto@63440df3]" name="stepsOportunidadesConfigurarProducto" duration-ms="58995" started-at="2019-04-08T20:11:42Z" finished-at="2019-04-08T20:12:41Z">
          <reporter-output>
          </reporter-output>
        </test-method> <!-- stepsOportunidadesConfigurarProducto -->
        <test-method status="PASS" signature="quitDriver()[pri:0, instance:tests.TOportunidadesConfigurarProducto@63440df3]" name="quitDriver" is-config="true" duration-ms="0" started-at="2019-04-08T20:12:41Z" finished-at="2019-04-08T20:12:41Z">
          <reporter-output>
          </reporter-output>
        </test-method> <!-- quitDriver -->
      </class> <!-- tests.TOportunidadesConfigurarProducto -->
    </test> <!-- Default test -->
  </suite> <!-- Default suite -->
</testng-results>
