<?xml version="1.0" encoding="UTF-8"?>
<testng-results skipped="0" failed="0" ignored="0" total="1" passed="1">
  <reporter-output>
  </reporter-output>
  <suite name="Default suite" duration-ms="29021" started-at="2019-04-24T15:47:07Z" finished-at="2019-04-24T15:47:36Z">
    <groups>
    </groups>
    <test name="Default test" duration-ms="29021" started-at="2019-04-24T15:47:07Z" finished-at="2019-04-24T15:47:36Z">
      <class name="tests.TReportesClicks">
        <test-method status="PASS" signature="setDriver()[pri:0, instance:tests.TReportesClicks@63440df3]" name="setDriver" is-config="true" duration-ms="5543" started-at="2019-04-24T15:47:07Z" finished-at="2019-04-24T15:47:12Z">
          <reporter-output>
          </reporter-output>
        </test-method> <!-- setDriver -->
        <test-method status="PASS" signature="stepsToClickOnReportsHyperlinks()[pri:0, instance:tests.TReportesClicks@63440df3]" name="stepsToClickOnReportsHyperlinks" duration-ms="23447" started-at="2019-04-24T15:47:12Z" finished-at="2019-04-24T15:47:36Z">
          <reporter-output>
          </reporter-output>
        </test-method> <!-- stepsToClickOnReportsHyperlinks -->
        <test-method status="PASS" signature="quitDriver()[pri:0, instance:tests.TReportesClicks@63440df3]" name="quitDriver" is-config="true" duration-ms="0" started-at="2019-04-24T15:47:36Z" finished-at="2019-04-24T15:47:36Z">
          <reporter-output>
          </reporter-output>
        </test-method> <!-- quitDriver -->
      </class> <!-- tests.TReportesClicks -->
    </test> <!-- Default test -->
  </suite> <!-- Default suite -->
</testng-results>
