<?xml version="1.0" encoding="UTF-8"?>
<testng-results skipped="0" failed="0" ignored="0" total="1" passed="1">
  <reporter-output>
  </reporter-output>
  <suite name="Default suite" duration-ms="35356" started-at="2019-04-02T21:50:09Z" finished-at="2019-04-02T21:50:45Z">
    <groups>
    </groups>
    <test name="Default test" duration-ms="35356" started-at="2019-04-02T21:50:09Z" finished-at="2019-04-02T21:50:45Z">
      <class name="tests.TNuevoReferido">
        <test-method status="PASS" signature="setDriver()[pri:0, instance:tests.TNuevoReferido@63440df3]" name="setDriver" is-config="true" duration-ms="5711" started-at="2019-04-02T21:50:09Z" finished-at="2019-04-02T21:50:15Z">
          <reporter-output>
          </reporter-output>
        </test-method> <!-- setDriver -->
        <test-method status="PASS" signature="AgregarNuevoReferido()[pri:0, instance:tests.TNuevoReferido@63440df3]" name="AgregarNuevoReferido" duration-ms="29610" started-at="2019-04-02T21:50:15Z" finished-at="2019-04-02T21:50:45Z">
          <reporter-output>
          </reporter-output>
        </test-method> <!-- AgregarNuevoReferido -->
        <test-method status="PASS" signature="quitDriver()[pri:0, instance:tests.TNuevoReferido@63440df3]" name="quitDriver" is-config="true" duration-ms="0" started-at="2019-04-02T21:50:45Z" finished-at="2019-04-02T21:50:45Z">
          <reporter-output>
          </reporter-output>
        </test-method> <!-- quitDriver -->
      </class> <!-- tests.TNuevoReferido -->
    </test> <!-- Default test -->
  </suite> <!-- Default suite -->
</testng-results>
