<?xml version="1.0" encoding="UTF-8"?>
<testng-results skipped="0" failed="0" ignored="0" total="1" passed="1">
  <reporter-output>
  </reporter-output>
  <suite name="Default suite" duration-ms="170723" started-at="2019-05-03T20:42:46Z" finished-at="2019-05-03T20:45:37Z">
    <groups>
    </groups>
    <test name="Default test" duration-ms="170723" started-at="2019-05-03T20:42:46Z" finished-at="2019-05-03T20:45:37Z">
      <class name="tests.TOportunidadesSolicitud">
        <test-method status="PASS" signature="setDriver()[pri:0, instance:tests.TOportunidadesSolicitud@63440df3]" name="setDriver" is-config="true" duration-ms="4370" started-at="2019-05-03T20:42:46Z" finished-at="2019-05-03T20:42:51Z">
          <reporter-output>
          </reporter-output>
        </test-method> <!-- setDriver -->
        <test-method status="PASS" signature="stepsOportunidadesCotizador()[pri:0, instance:tests.TOportunidadesSolicitud@63440df3]" name="stepsOportunidadesCotizador" duration-ms="166341" started-at="2019-05-03T20:42:51Z" finished-at="2019-05-03T20:45:37Z">
          <reporter-output>
          </reporter-output>
        </test-method> <!-- stepsOportunidadesCotizador -->
        <test-method status="PASS" signature="quitDriver()[pri:0, instance:tests.TOportunidadesSolicitud@63440df3]" name="quitDriver" is-config="true" duration-ms="1" started-at="2019-05-03T20:45:37Z" finished-at="2019-05-03T20:45:37Z">
          <reporter-output>
          </reporter-output>
        </test-method> <!-- quitDriver -->
      </class> <!-- tests.TOportunidadesSolicitud -->
    </test> <!-- Default test -->
  </suite> <!-- Default suite -->
</testng-results>
