<?xml version="1.0" encoding="UTF-8"?>
<testng-results skipped="0" failed="1" ignored="0" total="1" passed="0">
  <reporter-output>
  </reporter-output>
  <suite name="Default suite" duration-ms="9061" started-at="2019-03-27T19:53:28Z" finished-at="2019-03-27T19:53:37Z">
    <groups>
    </groups>
    <test name="Default test" duration-ms="9061" started-at="2019-03-27T19:53:28Z" finished-at="2019-03-27T19:53:37Z">
      <class name="tests.Tlogin">
        <test-method status="PASS" signature="setDriver()[pri:0, instance:tests.Tlogin@63440df3]" name="setDriver" is-config="true" duration-ms="4543" started-at="2019-03-27T19:53:28Z" finished-at="2019-03-27T19:53:32Z">
          <reporter-output>
          </reporter-output>
        </test-method> <!-- setDriver -->
        <test-method status="FAIL" signature="stepsLogin()[pri:0, instance:tests.Tlogin@63440df3]" name="stepsLogin" duration-ms="4503" started-at="2019-03-27T19:53:32Z" finished-at="2019-03-27T19:53:37Z">
          <exception class="java.lang.NullPointerException">
            <full-stacktrace>
              <![CDATA[java.lang.NullPointerException
at pages.BasePage.waitForElement(BasePage.java:51)
at pages.BasePage.sendKeys(BasePage.java:60)
at pages.PageLogin.inputUser(PageLogin.java:59)
at pages.PageLogin.inputUsuario(PageLogin.java:44)
at tests.Tlogin.stepsLogin(Tlogin.java:27)
at sun.reflect.NativeMethodAccessorImpl.invoke0(Native Method)
at sun.reflect.NativeMethodAccessorImpl.invoke(Unknown Source)
at sun.reflect.DelegatingMethodAccessorImpl.invoke(Unknown Source)
at java.lang.reflect.Method.invoke(Unknown Source)
at org.testng.internal.MethodInvocationHelper.invokeMethod(MethodInvocationHelper.java:124)
at org.testng.internal.Invoker.invokeMethod(Invoker.java:583)
at org.testng.internal.Invoker.invokeTestMethod(Invoker.java:719)
at org.testng.internal.Invoker.invokeTestMethods(Invoker.java:989)
at org.testng.internal.TestMethodWorker.invokeTestMethods(TestMethodWorker.java:125)
at org.testng.internal.TestMethodWorker.run(TestMethodWorker.java:109)
at org.testng.TestRunner.privateRun(TestRunner.java:648)
at org.testng.TestRunner.run(TestRunner.java:505)
at org.testng.SuiteRunner.runTest(SuiteRunner.java:455)
at org.testng.SuiteRunner.runSequentially(SuiteRunner.java:450)
at org.testng.SuiteRunner.privateRun(SuiteRunner.java:415)
at org.testng.SuiteRunner.run(SuiteRunner.java:364)
at org.testng.SuiteRunnerWorker.runSuite(SuiteRunnerWorker.java:52)
at org.testng.SuiteRunnerWorker.run(SuiteRunnerWorker.java:84)
at org.testng.TestNG.runSuitesSequentially(TestNG.java:1208)
at org.testng.TestNG.runSuitesLocally(TestNG.java:1137)
at org.testng.TestNG.runSuites(TestNG.java:1049)
at org.testng.TestNG.run(TestNG.java:1017)
at org.testng.remote.AbstractRemoteTestNG.run(AbstractRemoteTestNG.java:115)
at org.testng.remote.RemoteTestNG.initAndRun(RemoteTestNG.java:251)
at org.testng.remote.RemoteTestNG.main(RemoteTestNG.java:77)
]]>
            </full-stacktrace>
          </exception> <!-- java.lang.NullPointerException -->
          <reporter-output>
          </reporter-output>
        </test-method> <!-- stepsLogin -->
        <test-method status="PASS" signature="quitDriver()[pri:0, instance:tests.Tlogin@63440df3]" name="quitDriver" is-config="true" duration-ms="0" started-at="2019-03-27T19:53:37Z" finished-at="2019-03-27T19:53:37Z">
          <reporter-output>
          </reporter-output>
        </test-method> <!-- quitDriver -->
      </class> <!-- tests.Tlogin -->
    </test> <!-- Default test -->
  </suite> <!-- Default suite -->
</testng-results>
