<?xml version="1.0" encoding="UTF-8"?>
<testng-results skipped="0" failed="0" ignored="0" total="1" passed="1">
  <reporter-output>
  </reporter-output>
  <suite name="Default suite" duration-ms="27019" started-at="2019-04-01T22:15:26Z" finished-at="2019-04-01T22:15:53Z">
    <groups>
    </groups>
    <test name="Default test" duration-ms="27019" started-at="2019-04-01T22:15:26Z" finished-at="2019-04-01T22:15:53Z">
      <class name="tests.TImportar">
        <test-method status="PASS" signature="setDriver()[pri:0, instance:tests.TImportar@63440df3]" name="setDriver" is-config="true" duration-ms="5533" started-at="2019-04-01T22:15:26Z" finished-at="2019-04-01T22:15:32Z">
          <reporter-output>
          </reporter-output>
        </test-method> <!-- setDriver -->
        <test-method status="PASS" signature="stepsToImport()[pri:0, instance:tests.TImportar@63440df3]" name="stepsToImport" duration-ms="21459" started-at="2019-04-01T22:15:32Z" finished-at="2019-04-01T22:15:53Z">
          <reporter-output>
          </reporter-output>
        </test-method> <!-- stepsToImport -->
        <test-method status="PASS" signature="quitDriver()[pri:0, instance:tests.TImportar@63440df3]" name="quitDriver" is-config="true" duration-ms="0" started-at="2019-04-01T22:15:53Z" finished-at="2019-04-01T22:15:53Z">
          <reporter-output>
          </reporter-output>
        </test-method> <!-- quitDriver -->
      </class> <!-- tests.TImportar -->
    </test> <!-- Default test -->
  </suite> <!-- Default suite -->
</testng-results>
